Starting navigation update at 02/20/2026 17:43:22
[OK] Updated: 14plus.html
[About_us.html] - No changes made
[OK] Updated: agri.html
[OK] Updated: agriculture.html
[AlertPage.html] - No changes made
[OK] Updated: Asoka_Bandara.html
[OK] Updated: Athamaru.html
[Awards_&_Recognition.html] - No changes made
[OK] Updated: Board_of_Directors.html
[OK] Updated: branch_network.html
[OK] Updated: business.html
[OK] Updated: Careers.html
[OK] Updated: Chairman.html
[OK] Updated: Chanura_Wijetillake.html
[OK] Updated: commercial.html
[OK] Updated: consumption_loan.html
[OK] Updated: contact_us.html
[OK] Updated: CorporateManagement.html
[OK] Updated: dairy.html
[OK] Updated: E-Friend.HTML
[OK] Updated: ethera_isuru.html
[OK] Updated: ExecutiveManagement.html
[OK] Updated: Financial_Reports.html
[OK] Updated: fishery.html
[OK] Updated: GeneralManager.html
[OK] Updated: govi.html
[OK] Updated: housing.html
[OK] Updated: Industrial.html
[OK] Updated: Interest_Subsidy_Loan Schemes.html
[OK] Updated: KAPRUKA_AYOJANA.HTML
[OK] Updated: KAPRUKA_JAYA_ISURU.HTML
[OK] Updated: kekulu.html
[OK] Updated: KRUSHI_SHAKTHI.HTML
[OK] Updated: Kumara_Bandara.html
[OK] Updated: leasing.html
[liya_saviya.html] - No changes made
[OK] Updated: Loans_&_Advances.html
[OK] Updated: loan_calculator.html
[OK] Updated: MAHAWELI_SAVIYA.HTML
[OK] Updated: MORAGAHAKANDA.HTML
[OK] Updated: NewKakulu.html
[OK] Updated: PAMP_RF_Loan.HTML
[OK] Updated: pawning.html
[OK] Updated: PA_Wijerathne.html
[OK] Updated: pension.html
[OK] Updated: Personal_Loans.html
[OK] Updated: Procurement.html
[OK] Updated: quickdraft.html
[OK] Updated: Ramani_Wijeratne.html
[OK] Updated: Ranjith_Kodituwakku.html
[rdb_ayojana.html] - No changes made
[rdb_new_life.html] - No changes made
[RDB_Services.html] - No changes made
[rdb_uththama.html] - No changes made
[OK] Updated: Refinance_Loan_Schemes.html
[OK] Updated: Rohini_Madurawala.html
[Savings_Investments.html] - No changes made
[OK] Updated: SEPI_PHASE_II.HTML
[Service_Alerts.html] - No changes made
[OK] Updated: SMELoC.HTML
[OK] Updated: SMILE_III-RF.HTML
[OK] Updated: solar.html
[OK] Updated: speed_cash.html
[OK] Updated: tourism.html
[OK] Updated: transport.html
[OK] Updated: Wasanthe_Nandasiri.html
[OK] Updated: W_Ranaweera.html

Updated: 57 files
Failed: 0 files - 
Completed at 02/20/2026 17:43:23
